<?xml version="1.0" encoding="UTF-8"?>
<testng-results ignored="0" total="1" passed="1" failed="0" skipped="0">
  <reporter-output>
  </reporter-output>
  <suite started-at="2023-01-11T17:29:25 IST" name="Default suite" finished-at="2023-01-11T17:31:30 IST" duration-ms="125045">
    <groups>
    </groups>
    <test started-at="2023-01-11T17:29:25 IST" name="Default test" finished-at="2023-01-11T17:31:30 IST" duration-ms="125045">
      <class name="com.qa.TestLayer.TestGoogleSearchBar">
        <test-method is-config="true" signature="setUp()[pri:0, instance:com.qa.TestLayer.TestGoogleSearchBar@333291e3]" started-at="2023-01-11T17:29:25 IST" name="setUp" finished-at="2023-01-11T17:31:15 IST" duration-ms="109923" status="PASS">
          <reporter-output>
          </reporter-output>
        </test-method> <!-- setUp -->
        <test-method signature="verifyGoogleSearchBar()[pri:0, instance:com.qa.TestLayer.TestGoogleSearchBar@333291e3]" started-at="2023-01-11T17:31:15 IST" name="verifyGoogleSearchBar" finished-at="2023-01-11T17:31:29 IST" duration-ms="13954" status="PASS">
          <reporter-output>
          </reporter-output>
        </test-method> <!-- verifyGoogleSearchBar -->
        <test-method is-config="true" signature="tearDown()[pri:0, instance:com.qa.TestLayer.TestGoogleSearchBar@333291e3]" started-at="2023-01-11T17:31:29 IST" name="tearDown" finished-at="2023-01-11T17:31:30 IST" duration-ms="1081" status="PASS">
          <reporter-output>
          </reporter-output>
        </test-method> <!-- tearDown -->
      </class> <!-- com.qa.TestLayer.TestGoogleSearchBar -->
    </test> <!-- Default test -->
  </suite> <!-- Default suite -->
</testng-results>
